2021-01-22 23:37:31: Error: Connection lost: The server closed the connection.
2021-01-22 23:37:31:     at Protocol.end (C:\Users\Administrator\Desktop\manage\manage\node_modules\mysql\lib\protocol\Protocol.js:112:13)
2021-01-22 23:37:31:     at Socket.<anonymous> (C:\Users\Administrator\Desktop\manage\manage\node_modules\mysql\lib\Connection.js:94:28)
2021-01-22 23:37:31:     at Socket.<anonymous> (C:\Users\Administrator\Desktop\manage\manage\node_modules\mysql\lib\Connection.js:526:10)
2021-01-22 23:37:31:     at Socket.emit (events.js:326:22)
2021-01-22 23:37:31:     at endReadableNT (_stream_readable.js:1241:12)
2021-01-22 23:37:31:     at processTicksAndRejections (internal/process/task_queues.js:84:21) {
2021-01-22 23:37:31:   fatal: true,
2021-01-22 23:37:31:   code: 'PROTOCOL_CONNECTION_LOST'
2021-01-22 23:37:31: }
2021-01-23 07:37:35: Error: Connection lost: The server closed the connection.
2021-01-23 07:37:35:     at Protocol.end (C:\Users\Administrator\Desktop\manage\manage\node_modules\mysql\lib\protocol\Protocol.js:112:13)
2021-01-23 07:37:35:     at Socket.<anonymous> (C:\Users\Administrator\Desktop\manage\manage\node_modules\mysql\lib\Connection.js:94:28)
2021-01-23 07:37:35:     at Socket.<anonymous> (C:\Users\Administrator\Desktop\manage\manage\node_modules\mysql\lib\Connection.js:526:10)
2021-01-23 07:37:35:     at Socket.emit (events.js:326:22)
2021-01-23 07:37:35:     at endReadableNT (_stream_readable.js:1241:12)
2021-01-23 07:37:35:     at processTicksAndRejections (internal/process/task_queues.js:84:21) {
2021-01-23 07:37:35:   fatal: true,
2021-01-23 07:37:35:   code: 'PROTOCOL_CONNECTION_LOST'
2021-01-23 07:37:35: }
2021-01-23 15:37:36: Error: Connection lost: The server closed the connection.
2021-01-23 15:37:36:     at Protocol.end (C:\Users\Administrator\Desktop\manage\manage\node_modules\mysql\lib\protocol\Protocol.js:112:13)
2021-01-23 15:37:36:     at Socket.<anonymous> (C:\Users\Administrator\Desktop\manage\manage\node_modules\mysql\lib\Connection.js:94:28)
2021-01-23 15:37:36:     at Socket.<anonymous> (C:\Users\Administrator\Desktop\manage\manage\node_modules\mysql\lib\Connection.js:526:10)
2021-01-23 15:37:36:     at Socket.emit (events.js:326:22)
2021-01-23 15:37:36:     at endReadableNT (_stream_readable.js:1241:12)
2021-01-23 15:37:36:     at processTicksAndRejections (internal/process/task_queues.js:84:21) {
2021-01-23 15:37:36:   fatal: true,
2021-01-23 15:37:36:   code: 'PROTOCOL_CONNECTION_LOST'
2021-01-23 15:37:36: }
2021-01-23 23:37:39: Error: Connection lost: The server closed the connection.
2021-01-23 23:37:39:     at Protocol.end (C:\Users\Administrator\Desktop\manage\manage\node_modules\mysql\lib\protocol\Protocol.js:112:13)
2021-01-23 23:37:39:     at Socket.<anonymous> (C:\Users\Administrator\Desktop\manage\manage\node_modules\mysql\lib\Connection.js:94:28)
2021-01-23 23:37:39:     at Socket.<anonymous> (C:\Users\Administrator\Desktop\manage\manage\node_modules\mysql\lib\Connection.js:526:10)
2021-01-23 23:37:39:     at Socket.emit (events.js:326:22)
2021-01-23 23:37:39:     at endReadableNT (_stream_readable.js:1241:12)
2021-01-23 23:37:39:     at processTicksAndRejections (internal/process/task_queues.js:84:21) {
2021-01-23 23:37:39:   fatal: true,
2021-01-23 23:37:39:   code: 'PROTOCOL_CONNECTION_LOST'
2021-01-23 23:37:39: }
2021-01-24 07:37:43: Error: Connection lost: The server closed the connection.
2021-01-24 07:37:43:     at Protocol.end (C:\Users\Administrator\Desktop\manage\manage\node_modules\mysql\lib\protocol\Protocol.js:112:13)
2021-01-24 07:37:43:     at Socket.<anonymous> (C:\Users\Administrator\Desktop\manage\manage\node_modules\mysql\lib\Connection.js:94:28)
2021-01-24 07:37:43:     at Socket.<anonymous> (C:\Users\Administrator\Desktop\manage\manage\node_modules\mysql\lib\Connection.js:526:10)
2021-01-24 07:37:43:     at Socket.emit (events.js:326:22)
2021-01-24 07:37:43:     at endReadableNT (_stream_readable.js:1241:12)
2021-01-24 07:37:43:     at processTicksAndRejections (internal/process/task_queues.js:84:21) {
2021-01-24 07:37:43:   fatal: true,
2021-01-24 07:37:43:   code: 'PROTOCOL_CONNECTION_LOST'
2021-01-24 07:37:43: }
2021-01-24 15:37:47: Error: Connection lost: The server closed the connection.
2021-01-24 15:37:47:     at Protocol.end (C:\Users\Administrator\Desktop\manage\manage\node_modules\mysql\lib\protocol\Protocol.js:112:13)
2021-01-24 15:37:47:     at Socket.<anonymous> (C:\Users\Administrator\Desktop\manage\manage\node_modules\mysql\lib\Connection.js:94:28)
2021-01-24 15:37:47:     at Socket.<anonymous> (C:\Users\Administrator\Desktop\manage\manage\node_modules\mysql\lib\Connection.js:526:10)
2021-01-24 15:37:47:     at Socket.emit (events.js:326:22)
2021-01-24 15:37:47:     at endReadableNT (_stream_readable.js:1241:12)
2021-01-24 15:37:47:     at processTicksAndRejections (internal/process/task_queues.js:84:21) {
2021-01-24 15:37:47:   fatal: true,
2021-01-24 15:37:47:   code: 'PROTOCOL_CONNECTION_LOST'
2021-01-24 15:37:47: }
2021-01-25 19:39:43: Error: Connection lost: The server closed the connection.
2021-01-25 19:39:43:     at Protocol.end (C:\Users\Administrator\Desktop\manage\manage\node_modules\mysql\lib\protocol\Protocol.js:112:13)
2021-01-25 19:39:43:     at Socket.<anonymous> (C:\Users\Administrator\Desktop\manage\manage\node_modules\mysql\lib\Connection.js:94:28)
2021-01-25 19:39:43:     at Socket.<anonymous> (C:\Users\Administrator\Desktop\manage\manage\node_modules\mysql\lib\Connection.js:526:10)
2021-01-25 19:39:43:     at Socket.emit (events.js:326:22)
2021-01-25 19:39:43:     at endReadableNT (_stream_readable.js:1241:12)
2021-01-25 19:39:43:     at processTicksAndRejections (internal/process/task_queues.js:84:21) {
2021-01-25 19:39:43:   fatal: true,
2021-01-25 19:39:43:   code: 'PROTOCOL_CONNECTION_LOST'
2021-01-25 19:39:43: }
2021-01-26 03:39:44: Error: Connection lost: The server closed the connection.
2021-01-26 03:39:44:     at Protocol.end (C:\Users\Administrator\Desktop\manage\manage\node_modules\mysql\lib\protocol\Protocol.js:112:13)
2021-01-26 03:39:44:     at Socket.<anonymous> (C:\Users\Administrator\Desktop\manage\manage\node_modules\mysql\lib\Connection.js:94:28)
2021-01-26 03:39:44:     at Socket.<anonymous> (C:\Users\Administrator\Desktop\manage\manage\node_modules\mysql\lib\Connection.js:526:10)
2021-01-26 03:39:44:     at Socket.emit (events.js:326:22)
2021-01-26 03:39:44:     at endReadableNT (_stream_readable.js:1241:12)
2021-01-26 03:39:44:     at processTicksAndRejections (internal/process/task_queues.js:84:21) {
2021-01-26 03:39:44:   fatal: true,
2021-01-26 03:39:44:   code: 'PROTOCOL_CONNECTION_LOST'
2021-01-26 03:39:44: }
